<?xml version="1.0" encoding="UTF-8"?>
<!-- Generated by org.testng.reporters.JUnitXMLReporter -->
<testsuite ignored="0" hostname="DESKTOP-24QMINE" failures="0" tests="8" name="Test" time="33.299" errors="0" timestamp="2025-03-22T09:19:26 IST">
  <testcase classname="operations_pom.Operation_Register_POM" name="RegisterRunning" time="8.844"/>
  <testcase classname="io.cucumber.testng.AbstractTestNGCucumberTests" name="runScenario" time="2.163"/>
  <testcase classname="operations_PF.Operation_AddToCart_PF" name="adding" time="10.363"/>
  <testcase classname="operations_PF.Operation_UpdateCart_PF" name="Update_Quantity" time="3.233"/>
  <testcase classname="operations_PF.Operation_Payment_PF" name="ordering" time="1.092"/>
  <testcase classname="operations_PF.Operation_Shipping_PF" name="ship_Details" time="2.051"/>
  <testcase classname="operations_PF.Operation_OrderPlaced_PF" name="confirmation" time="1.58"/>
  <testcase classname="operations_PF.Operation_SignOut_PF" name="signingOut" time="3.31"/>
</testsuite> <!-- Test -->
