<?xml version="1.0" encoding="UTF-8"?>
<!-- Generated by org.testng.reporters.JUnitXMLReporter -->
<testsuite ignored="0" hostname="DESKTOP-24QMINE" failures="0" tests="8" name="Test" time="40.445" errors="0" timestamp="2025-03-26T11:25:58 IST">
  <testcase classname="io.cucumber.testng.AbstractTestNGCucumberTests" name="runScenario" time="17.021"/>
  <testcase classname="io.cucumber.testng.AbstractTestNGCucumberTests" name="runScenario" time="1.652"/>
  <testcase classname="operations_PF.Operation_AddToCart_PF" name="adding" time="10.539"/>
  <testcase classname="operations_PF.Operation_UpdateCart_PF" name="Update_Quantity" time="3.111"/>
  <testcase classname="operations_PF.Operation_Payment_PF" name="ordering" time="1.112"/>
  <testcase classname="operations_PF.Operation_Shipping_PF" name="ship_Details" time="2.001"/>
  <testcase classname="operations_PF.Operation_OrderPlaced_PF" name="confirmation" time="0.636"/>
  <testcase classname="operations_PF.Operation_SignOut_PF" name="signingOut" time="3.153"/>
</testsuite> <!-- Test -->
